Internal Server Error: /shop/
Traceback (most recent call last):
  File "C:\Users\tahir\OneDrive\Desktop\TechGiants-main\venv\lib\site-packages\django\core\handlers\exception.py", line 55, in inner
    response = get_response(request)
  File "C:\Users\tahir\OneDrive\Desktop\TechGiants-main\venv\lib\site-packages\django\core\handlers\base.py", line 220, in _get_response
    response = response.render()
  File "C:\Users\tahir\OneDrive\Desktop\TechGiants-main\venv\lib\site-packages\django\template\response.py", line 114, in render
    self.content = self.rendered_content
  File "C:\Users\tahir\OneDrive\Desktop\TechGiants-main\venv\lib\site-packages\django\template\response.py", line 92, in rendered_content
    return template.render(context, self._request)
  File "C:\Users\tahir\OneDrive\Desktop\TechGiants-main\venv\lib\site-packages\django\template\backends\django.py", line 61, in render
    return self.template.render(context)
  File "C:\Users\tahir\OneDrive\Desktop\TechGiants-main\venv\lib\site-packages\django\template\base.py", line 175, in render
    return self._render(context)
  File "C:\Users\tahir\OneDrive\Desktop\TechGiants-main\venv\lib\site-packages\django\template\base.py", line 167, in _render
    return self.nodelist.render(context)
  File "C:\Users\tahir\OneDrive\Desktop\TechGiants-main\venv\lib\site-packages\django\template\base.py", line 1005, in render
    return SafeString("".join([node.render_annotated(context) for node in self]))
  File "C:\Users\tahir\OneDrive\Desktop\TechGiants-main\venv\lib\site-packages\django\template\base.py", line 1005, in <listcomp>
    return SafeString("".join([node.render_annotated(context) for node in self]))
  File "C:\Users\tahir\OneDrive\Desktop\TechGiants-main\venv\lib\site-packages\django\template\base.py", line 966, in render_annotated
    return self.render(context)
  File "C:\Users\tahir\OneDrive\Desktop\TechGiants-main\venv\lib\site-packages\django\template\loader_tags.py", line 157, in render
    return compiled_parent._render(context)
  File "C:\Users\tahir\OneDrive\Desktop\TechGiants-main\venv\lib\site-packages\django\template\base.py", line 167, in _render
    return self.nodelist.render(context)
  File "C:\Users\tahir\OneDrive\Desktop\TechGiants-main\venv\lib\site-packages\django\template\base.py", line 1005, in render
    return SafeString("".join([node.render_annotated(context) for node in self]))
  File "C:\Users\tahir\OneDrive\Desktop\TechGiants-main\venv\lib\site-packages\django\template\base.py", line 1005, in <listcomp>
    return SafeString("".join([node.render_annotated(context) for node in self]))
  File "C:\Users\tahir\OneDrive\Desktop\TechGiants-main\venv\lib\site-packages\django\template\base.py", line 966, in render_annotated
    return self.render(context)
  File "C:\Users\tahir\OneDrive\Desktop\TechGiants-main\venv\lib\site-packages\django\template\loader_tags.py", line 197, in render
    template = context.template.engine.select_template(template_name)
  File "C:\Users\tahir\OneDrive\Desktop\TechGiants-main\venv\lib\site-packages\django\template\engine.py", line 206, in select_template
    return self.get_template(template_name)
  File "C:\Users\tahir\OneDrive\Desktop\TechGiants-main\venv\lib\site-packages\django\template\engine.py", line 175, in get_template
    template, origin = self.find_template(template_name)
  File "C:\Users\tahir\OneDrive\Desktop\TechGiants-main\venv\lib\site-packages\django\template\engine.py", line 157, in find_template
    template = loader.get_template(name, skip=skip)
  File "C:\Users\tahir\OneDrive\Desktop\TechGiants-main\venv\lib\site-packages\django\template\loaders\base.py", line 28, in get_template
    return Template(
  File "C:\Users\tahir\OneDrive\Desktop\TechGiants-main\venv\lib\site-packages\django\template\base.py", line 154, in __init__
    self.nodelist = self.compile_nodelist()
  File "C:\Users\tahir\OneDrive\Desktop\TechGiants-main\venv\lib\site-packages\django\template\base.py", line 200, in compile_nodelist
    return parser.parse()
  File "C:\Users\tahir\OneDrive\Desktop\TechGiants-main\venv\lib\site-packages\django\template\base.py", line 513, in parse
    raise self.error(token, e)
  File "C:\Users\tahir\OneDrive\Desktop\TechGiants-main\venv\lib\site-packages\django\template\base.py", line 511, in parse
    compiled_result = compile_func(self, token)
  File "C:\Users\tahir\OneDrive\Desktop\TechGiants-main\venv\lib\site-packages\django\template\defaulttags.py", line 967, in do_if
    nodelist = parser.parse(("endif",))
  File "C:\Users\tahir\OneDrive\Desktop\TechGiants-main\venv\lib\site-packages\django\template\base.py", line 518, in parse
    self.unclosed_block_tag(parse_until)
  File "C:\Users\tahir\OneDrive\Desktop\TechGiants-main\venv\lib\site-packages\django\template\base.py", line 581, in unclosed_block_tag
    raise self.error(token, msg)
django.template.exceptions.TemplateSyntaxError: Unclosed tag on line 420: 'if'. Looking for one of: endif.
"GET /shop/ HTTP/1.1" 500 145
Internal Server Error: /
Traceback (most recent call last):
  File "C:\Users\tahir\OneDrive\Desktop\TechGiants-main\venv\lib\site-packages\django\core\handlers\exception.py", line 55, in inner
    response = get_response(request)
  File "C:\Users\tahir\OneDrive\Desktop\TechGiants-main\venv\lib\site-packages\django\core\handlers\base.py", line 220, in _get_response
    response = response.render()
  File "C:\Users\tahir\OneDrive\Desktop\TechGiants-main\venv\lib\site-packages\django\template\response.py", line 114, in render
    self.content = self.rendered_content
  File "C:\Users\tahir\OneDrive\Desktop\TechGiants-main\venv\lib\site-packages\django\template\response.py", line 92, in rendered_content
    return template.render(context, self._request)
  File "C:\Users\tahir\OneDrive\Desktop\TechGiants-main\venv\lib\site-packages\django\template\backends\django.py", line 61, in render
    return self.template.render(context)
  File "C:\Users\tahir\OneDrive\Desktop\TechGiants-main\venv\lib\site-packages\django\template\base.py", line 175, in render
    return self._render(context)
  File "C:\Users\tahir\OneDrive\Desktop\TechGiants-main\venv\lib\site-packages\django\template\base.py", line 167, in _render
    return self.nodelist.render(context)
  File "C:\Users\tahir\OneDrive\Desktop\TechGiants-main\venv\lib\site-packages\django\template\base.py", line 1005, in render
    return SafeString("".join([node.render_annotated(context) for node in self]))
  File "C:\Users\tahir\OneDrive\Desktop\TechGiants-main\venv\lib\site-packages\django\template\base.py", line 1005, in <listcomp>
    return SafeString("".join([node.render_annotated(context) for node in self]))
  File "C:\Users\tahir\OneDrive\Desktop\TechGiants-main\venv\lib\site-packages\django\template\base.py", line 966, in render_annotated
    return self.render(context)
  File "C:\Users\tahir\OneDrive\Desktop\TechGiants-main\venv\lib\site-packages\django\template\loader_tags.py", line 157, in render
    return compiled_parent._render(context)
  File "C:\Users\tahir\OneDrive\Desktop\TechGiants-main\venv\lib\site-packages\django\template\base.py", line 167, in _render
    return self.nodelist.render(context)
  File "C:\Users\tahir\OneDrive\Desktop\TechGiants-main\venv\lib\site-packages\django\template\base.py", line 1005, in render
    return SafeString("".join([node.render_annotated(context) for node in self]))
  File "C:\Users\tahir\OneDrive\Desktop\TechGiants-main\venv\lib\site-packages\django\template\base.py", line 1005, in <listcomp>
    return SafeString("".join([node.render_annotated(context) for node in self]))
  File "C:\Users\tahir\OneDrive\Desktop\TechGiants-main\venv\lib\site-packages\django\template\base.py", line 966, in render_annotated
    return self.render(context)
  File "C:\Users\tahir\OneDrive\Desktop\TechGiants-main\venv\lib\site-packages\django\template\loader_tags.py", line 197, in render
    template = context.template.engine.select_template(template_name)
  File "C:\Users\tahir\OneDrive\Desktop\TechGiants-main\venv\lib\site-packages\django\template\engine.py", line 206, in select_template
    return self.get_template(template_name)
  File "C:\Users\tahir\OneDrive\Desktop\TechGiants-main\venv\lib\site-packages\django\template\engine.py", line 175, in get_template
    template, origin = self.find_template(template_name)
  File "C:\Users\tahir\OneDrive\Desktop\TechGiants-main\venv\lib\site-packages\django\template\engine.py", line 157, in find_template
    template = loader.get_template(name, skip=skip)
  File "C:\Users\tahir\OneDrive\Desktop\TechGiants-main\venv\lib\site-packages\django\template\loaders\base.py", line 28, in get_template
    return Template(
  File "C:\Users\tahir\OneDrive\Desktop\TechGiants-main\venv\lib\site-packages\django\template\base.py", line 154, in __init__
    self.nodelist = self.compile_nodelist()
  File "C:\Users\tahir\OneDrive\Desktop\TechGiants-main\venv\lib\site-packages\django\template\base.py", line 200, in compile_nodelist
    return parser.parse()
  File "C:\Users\tahir\OneDrive\Desktop\TechGiants-main\venv\lib\site-packages\django\template\base.py", line 513, in parse
    raise self.error(token, e)
  File "C:\Users\tahir\OneDrive\Desktop\TechGiants-main\venv\lib\site-packages\django\template\base.py", line 511, in parse
    compiled_result = compile_func(self, token)
  File "C:\Users\tahir\OneDrive\Desktop\TechGiants-main\venv\lib\site-packages\django\template\defaulttags.py", line 967, in do_if
    nodelist = parser.parse(("endif",))
  File "C:\Users\tahir\OneDrive\Desktop\TechGiants-main\venv\lib\site-packages\django\template\base.py", line 518, in parse
    self.unclosed_block_tag(parse_until)
  File "C:\Users\tahir\OneDrive\Desktop\TechGiants-main\venv\lib\site-packages\django\template\base.py", line 581, in unclosed_block_tag
    raise self.error(token, msg)
django.template.exceptions.TemplateSyntaxError: Unclosed tag on line 420: 'if'. Looking for one of: endif.
"GET / HTTP/1.1" 500 145
Internal Server Error: /
Traceback (most recent call last):
  File "C:\Users\tahir\OneDrive\Desktop\TechGiants-main\venv\lib\site-packages\django\core\handlers\exception.py", line 55, in inner
    response = get_response(request)
  File "C:\Users\tahir\OneDrive\Desktop\TechGiants-main\venv\lib\site-packages\django\core\handlers\base.py", line 220, in _get_response
    response = response.render()
  File "C:\Users\tahir\OneDrive\Desktop\TechGiants-main\venv\lib\site-packages\django\template\response.py", line 114, in render
    self.content = self.rendered_content
  File "C:\Users\tahir\OneDrive\Desktop\TechGiants-main\venv\lib\site-packages\django\template\response.py", line 92, in rendered_content
    return template.render(context, self._request)
  File "C:\Users\tahir\OneDrive\Desktop\TechGiants-main\venv\lib\site-packages\django\template\backends\django.py", line 61, in render
    return self.template.render(context)
  File "C:\Users\tahir\OneDrive\Desktop\TechGiants-main\venv\lib\site-packages\django\template\base.py", line 175, in render
    return self._render(context)
  File "C:\Users\tahir\OneDrive\Desktop\TechGiants-main\venv\lib\site-packages\django\template\base.py", line 167, in _render
    return self.nodelist.render(context)
  File "C:\Users\tahir\OneDrive\Desktop\TechGiants-main\venv\lib\site-packages\django\template\base.py", line 1005, in render
    return SafeString("".join([node.render_annotated(context) for node in self]))
  File "C:\Users\tahir\OneDrive\Desktop\TechGiants-main\venv\lib\site-packages\django\template\base.py", line 1005, in <listcomp>
    return SafeString("".join([node.render_annotated(context) for node in self]))
  File "C:\Users\tahir\OneDrive\Desktop\TechGiants-main\venv\lib\site-packages\django\template\base.py", line 966, in render_annotated
    return self.render(context)
  File "C:\Users\tahir\OneDrive\Desktop\TechGiants-main\venv\lib\site-packages\django\template\loader_tags.py", line 157, in render
    return compiled_parent._render(context)
  File "C:\Users\tahir\OneDrive\Desktop\TechGiants-main\venv\lib\site-packages\django\template\base.py", line 167, in _render
    return self.nodelist.render(context)
  File "C:\Users\tahir\OneDrive\Desktop\TechGiants-main\venv\lib\site-packages\django\template\base.py", line 1005, in render
    return SafeString("".join([node.render_annotated(context) for node in self]))
  File "C:\Users\tahir\OneDrive\Desktop\TechGiants-main\venv\lib\site-packages\django\template\base.py", line 1005, in <listcomp>
    return SafeString("".join([node.render_annotated(context) for node in self]))
  File "C:\Users\tahir\OneDrive\Desktop\TechGiants-main\venv\lib\site-packages\django\template\base.py", line 966, in render_annotated
    return self.render(context)
  File "C:\Users\tahir\OneDrive\Desktop\TechGiants-main\venv\lib\site-packages\django\template\loader_tags.py", line 197, in render
    template = context.template.engine.select_template(template_name)
  File "C:\Users\tahir\OneDrive\Desktop\TechGiants-main\venv\lib\site-packages\django\template\engine.py", line 206, in select_template
    return self.get_template(template_name)
  File "C:\Users\tahir\OneDrive\Desktop\TechGiants-main\venv\lib\site-packages\django\template\engine.py", line 175, in get_template
    template, origin = self.find_template(template_name)
  File "C:\Users\tahir\OneDrive\Desktop\TechGiants-main\venv\lib\site-packages\django\template\engine.py", line 157, in find_template
    template = loader.get_template(name, skip=skip)
  File "C:\Users\tahir\OneDrive\Desktop\TechGiants-main\venv\lib\site-packages\django\template\loaders\base.py", line 28, in get_template
    return Template(
  File "C:\Users\tahir\OneDrive\Desktop\TechGiants-main\venv\lib\site-packages\django\template\base.py", line 154, in __init__
    self.nodelist = self.compile_nodelist()
  File "C:\Users\tahir\OneDrive\Desktop\TechGiants-main\venv\lib\site-packages\django\template\base.py", line 200, in compile_nodelist
    return parser.parse()
  File "C:\Users\tahir\OneDrive\Desktop\TechGiants-main\venv\lib\site-packages\django\template\base.py", line 513, in parse
    raise self.error(token, e)
  File "C:\Users\tahir\OneDrive\Desktop\TechGiants-main\venv\lib\site-packages\django\template\base.py", line 511, in parse
    compiled_result = compile_func(self, token)
  File "C:\Users\tahir\OneDrive\Desktop\TechGiants-main\venv\lib\site-packages\django\template\defaulttags.py", line 967, in do_if
    nodelist = parser.parse(("endif",))
  File "C:\Users\tahir\OneDrive\Desktop\TechGiants-main\venv\lib\site-packages\django\template\base.py", line 518, in parse
    self.unclosed_block_tag(parse_until)
  File "C:\Users\tahir\OneDrive\Desktop\TechGiants-main\venv\lib\site-packages\django\template\base.py", line 581, in unclosed_block_tag
    raise self.error(token, msg)
django.template.exceptions.TemplateSyntaxError: Unclosed tag on line 420: 'if'. Looking for one of: endif.
"GET / HTTP/1.1" 500 145
Internal Server Error: /
Traceback (most recent call last):
  File "C:\Users\tahir\OneDrive\Desktop\TechGiants-main\venv\lib\site-packages\django\core\handlers\exception.py", line 55, in inner
    response = get_response(request)
  File "C:\Users\tahir\OneDrive\Desktop\TechGiants-main\venv\lib\site-packages\django\core\handlers\base.py", line 220, in _get_response
    response = response.render()
  File "C:\Users\tahir\OneDrive\Desktop\TechGiants-main\venv\lib\site-packages\django\template\response.py", line 114, in render
    self.content = self.rendered_content
  File "C:\Users\tahir\OneDrive\Desktop\TechGiants-main\venv\lib\site-packages\django\template\response.py", line 92, in rendered_content
    return template.render(context, self._request)
  File "C:\Users\tahir\OneDrive\Desktop\TechGiants-main\venv\lib\site-packages\django\template\backends\django.py", line 61, in render
    return self.template.render(context)
  File "C:\Users\tahir\OneDrive\Desktop\TechGiants-main\venv\lib\site-packages\django\template\base.py", line 175, in render
    return self._render(context)
  File "C:\Users\tahir\OneDrive\Desktop\TechGiants-main\venv\lib\site-packages\django\template\base.py", line 167, in _render
    return self.nodelist.render(context)
  File "C:\Users\tahir\OneDrive\Desktop\TechGiants-main\venv\lib\site-packages\django\template\base.py", line 1005, in render
    return SafeString("".join([node.render_annotated(context) for node in self]))
  File "C:\Users\tahir\OneDrive\Desktop\TechGiants-main\venv\lib\site-packages\django\template\base.py", line 1005, in <listcomp>
    return SafeString("".join([node.render_annotated(context) for node in self]))
  File "C:\Users\tahir\OneDrive\Desktop\TechGiants-main\venv\lib\site-packages\django\template\base.py", line 966, in render_annotated
    return self.render(context)
  File "C:\Users\tahir\OneDrive\Desktop\TechGiants-main\venv\lib\site-packages\django\template\loader_tags.py", line 157, in render
    return compiled_parent._render(context)
  File "C:\Users\tahir\OneDrive\Desktop\TechGiants-main\venv\lib\site-packages\django\template\base.py", line 167, in _render
    return self.nodelist.render(context)
  File "C:\Users\tahir\OneDrive\Desktop\TechGiants-main\venv\lib\site-packages\django\template\base.py", line 1005, in render
    return SafeString("".join([node.render_annotated(context) for node in self]))
  File "C:\Users\tahir\OneDrive\Desktop\TechGiants-main\venv\lib\site-packages\django\template\base.py", line 1005, in <listcomp>
    return SafeString("".join([node.render_annotated(context) for node in self]))
  File "C:\Users\tahir\OneDrive\Desktop\TechGiants-main\venv\lib\site-packages\django\template\base.py", line 966, in render_annotated
    return self.render(context)
  File "C:\Users\tahir\OneDrive\Desktop\TechGiants-main\venv\lib\site-packages\django\template\loader_tags.py", line 208, in render
    return template.render(context)
  File "C:\Users\tahir\OneDrive\Desktop\TechGiants-main\venv\lib\site-packages\django\template\base.py", line 177, in render
    return self._render(context)
  File "C:\Users\tahir\OneDrive\Desktop\TechGiants-main\venv\lib\site-packages\django\template\base.py", line 167, in _render
    return self.nodelist.render(context)
  File "C:\Users\tahir\OneDrive\Desktop\TechGiants-main\venv\lib\site-packages\django\template\base.py", line 1005, in render
    return SafeString("".join([node.render_annotated(context) for node in self]))
  File "C:\Users\tahir\OneDrive\Desktop\TechGiants-main\venv\lib\site-packages\django\template\base.py", line 1005, in <listcomp>
    return SafeString("".join([node.render_annotated(context) for node in self]))
  File "C:\Users\tahir\OneDrive\Desktop\TechGiants-main\venv\lib\site-packages\django\template\base.py", line 966, in render_annotated
    return self.render(context)
  File "C:\Users\tahir\OneDrive\Desktop\TechGiants-main\venv\lib\site-packages\django\template\defaulttags.py", line 321, in render
    return nodelist.render(context)
  File "C:\Users\tahir\OneDrive\Desktop\TechGiants-main\venv\lib\site-packages\django\template\base.py", line 1005, in render
    return SafeString("".join([node.render_annotated(context) for node in self]))
  File "C:\Users\tahir\OneDrive\Desktop\TechGiants-main\venv\lib\site-packages\django\template\base.py", line 1005, in <listcomp>
    return SafeString("".join([node.render_annotated(context) for node in self]))
  File "C:\Users\tahir\OneDrive\Desktop\TechGiants-main\venv\lib\site-packages\django\template\base.py", line 966, in render_annotated
    return self.render(context)
  File "C:\Users\tahir\OneDrive\Desktop\TechGiants-main\venv\lib\site-packages\django\template\defaulttags.py", line 471, in render
    url = reverse(view_name, args=args, kwargs=kwargs, current_app=current_app)
  File "C:\Users\tahir\OneDrive\Desktop\TechGiants-main\venv\lib\site-packages\django\urls\base.py", line 88, in reverse
    return resolver._reverse_with_prefix(view, prefix, *args, **kwargs)
  File "C:\Users\tahir\OneDrive\Desktop\TechGiants-main\venv\lib\site-packages\django\urls\resolvers.py", line 828, in _reverse_with_prefix
    raise NoReverseMatch(msg)
django.urls.exceptions.NoReverseMatch: Reverse for 'login' not found. 'login' is not a valid view function or pattern name.
"GET / HTTP/1.1" 500 145
Internal Server Error: /
Traceback (most recent call last):
  File "C:\Users\tahir\OneDrive\Desktop\TechGiants-main\venv\lib\site-packages\django\template\base.py", line 505, in parse
    compile_func = self.tags[command]
KeyError: 'endif'

During handling of the above exception, another exception occurred:

Traceback (most recent call last):
  File "C:\Users\tahir\OneDrive\Desktop\TechGiants-main\venv\lib\site-packages\django\core\handlers\exception.py", line 55, in inner
    response = get_response(request)
  File "C:\Users\tahir\OneDrive\Desktop\TechGiants-main\venv\lib\site-packages\django\core\handlers\base.py", line 220, in _get_response
    response = response.render()
  File "C:\Users\tahir\OneDrive\Desktop\TechGiants-main\venv\lib\site-packages\django\template\response.py", line 114, in render
    self.content = self.rendered_content
  File "C:\Users\tahir\OneDrive\Desktop\TechGiants-main\venv\lib\site-packages\django\template\response.py", line 92, in rendered_content
    return template.render(context, self._request)
  File "C:\Users\tahir\OneDrive\Desktop\TechGiants-main\venv\lib\site-packages\django\template\backends\django.py", line 61, in render
    return self.template.render(context)
  File "C:\Users\tahir\OneDrive\Desktop\TechGiants-main\venv\lib\site-packages\django\template\base.py", line 175, in render
    return self._render(context)
  File "C:\Users\tahir\OneDrive\Desktop\TechGiants-main\venv\lib\site-packages\django\template\base.py", line 167, in _render
    return self.nodelist.render(context)
  File "C:\Users\tahir\OneDrive\Desktop\TechGiants-main\venv\lib\site-packages\django\template\base.py", line 1005, in render
    return SafeString("".join([node.render_annotated(context) for node in self]))
  File "C:\Users\tahir\OneDrive\Desktop\TechGiants-main\venv\lib\site-packages\django\template\base.py", line 1005, in <listcomp>
    return SafeString("".join([node.render_annotated(context) for node in self]))
  File "C:\Users\tahir\OneDrive\Desktop\TechGiants-main\venv\lib\site-packages\django\template\base.py", line 966, in render_annotated
    return self.render(context)
  File "C:\Users\tahir\OneDrive\Desktop\TechGiants-main\venv\lib\site-packages\django\template\loader_tags.py", line 157, in render
    return compiled_parent._render(context)
  File "C:\Users\tahir\OneDrive\Desktop\TechGiants-main\venv\lib\site-packages\django\template\base.py", line 167, in _render
    return self.nodelist.render(context)
  File "C:\Users\tahir\OneDrive\Desktop\TechGiants-main\venv\lib\site-packages\django\template\base.py", line 1005, in render
    return SafeString("".join([node.render_annotated(context) for node in self]))
  File "C:\Users\tahir\OneDrive\Desktop\TechGiants-main\venv\lib\site-packages\django\template\base.py", line 1005, in <listcomp>
    return SafeString("".join([node.render_annotated(context) for node in self]))
  File "C:\Users\tahir\OneDrive\Desktop\TechGiants-main\venv\lib\site-packages\django\template\base.py", line 966, in render_annotated
    return self.render(context)
  File "C:\Users\tahir\OneDrive\Desktop\TechGiants-main\venv\lib\site-packages\django\template\loader_tags.py", line 197, in render
    template = context.template.engine.select_template(template_name)
  File "C:\Users\tahir\OneDrive\Desktop\TechGiants-main\venv\lib\site-packages\django\template\engine.py", line 206, in select_template
    return self.get_template(template_name)
  File "C:\Users\tahir\OneDrive\Desktop\TechGiants-main\venv\lib\site-packages\django\template\engine.py", line 175, in get_template
    template, origin = self.find_template(template_name)
  File "C:\Users\tahir\OneDrive\Desktop\TechGiants-main\venv\lib\site-packages\django\template\engine.py", line 157, in find_template
    template = loader.get_template(name, skip=skip)
  File "C:\Users\tahir\OneDrive\Desktop\TechGiants-main\venv\lib\site-packages\django\template\loaders\base.py", line 28, in get_template
    return Template(
  File "C:\Users\tahir\OneDrive\Desktop\TechGiants-main\venv\lib\site-packages\django\template\base.py", line 154, in __init__
    self.nodelist = self.compile_nodelist()
  File "C:\Users\tahir\OneDrive\Desktop\TechGiants-main\venv\lib\site-packages\django\template\base.py", line 200, in compile_nodelist
    return parser.parse()
  File "C:\Users\tahir\OneDrive\Desktop\TechGiants-main\venv\lib\site-packages\django\template\base.py", line 507, in parse
    self.invalid_block_tag(token, command, parse_until)
  File "C:\Users\tahir\OneDrive\Desktop\TechGiants-main\venv\lib\site-packages\django\template\base.py", line 568, in invalid_block_tag
    raise self.error(
django.template.exceptions.TemplateSyntaxError: Invalid block tag on line 424: 'endif'. Did you forget to register or load this tag?
"GET / HTTP/1.1" 500 145
Internal Server Error: /
Traceback (most recent call last):
  File "C:\Users\tahir\OneDrive\Desktop\TechGiants-main\venv\lib\site-packages\django\template\base.py", line 505, in parse
    compile_func = self.tags[command]
KeyError: 'endif'

During handling of the above exception, another exception occurred:

Traceback (most recent call last):
  File "C:\Users\tahir\OneDrive\Desktop\TechGiants-main\venv\lib\site-packages\django\core\handlers\exception.py", line 55, in inner
    response = get_response(request)
  File "C:\Users\tahir\OneDrive\Desktop\TechGiants-main\venv\lib\site-packages\django\core\handlers\base.py", line 220, in _get_response
    response = response.render()
  File "C:\Users\tahir\OneDrive\Desktop\TechGiants-main\venv\lib\site-packages\django\template\response.py", line 114, in render
    self.content = self.rendered_content
  File "C:\Users\tahir\OneDrive\Desktop\TechGiants-main\venv\lib\site-packages\django\template\response.py", line 92, in rendered_content
    return template.render(context, self._request)
  File "C:\Users\tahir\OneDrive\Desktop\TechGiants-main\venv\lib\site-packages\django\template\backends\django.py", line 61, in render
    return self.template.render(context)
  File "C:\Users\tahir\OneDrive\Desktop\TechGiants-main\venv\lib\site-packages\django\template\base.py", line 175, in render
    return self._render(context)
  File "C:\Users\tahir\OneDrive\Desktop\TechGiants-main\venv\lib\site-packages\django\template\base.py", line 167, in _render
    return self.nodelist.render(context)
  File "C:\Users\tahir\OneDrive\Desktop\TechGiants-main\venv\lib\site-packages\django\template\base.py", line 1005, in render
    return SafeString("".join([node.render_annotated(context) for node in self]))
  File "C:\Users\tahir\OneDrive\Desktop\TechGiants-main\venv\lib\site-packages\django\template\base.py", line 1005, in <listcomp>
    return SafeString("".join([node.render_annotated(context) for node in self]))
  File "C:\Users\tahir\OneDrive\Desktop\TechGiants-main\venv\lib\site-packages\django\template\base.py", line 966, in render_annotated
    return self.render(context)
  File "C:\Users\tahir\OneDrive\Desktop\TechGiants-main\venv\lib\site-packages\django\template\loader_tags.py", line 157, in render
    return compiled_parent._render(context)
  File "C:\Users\tahir\OneDrive\Desktop\TechGiants-main\venv\lib\site-packages\django\template\base.py", line 167, in _render
    return self.nodelist.render(context)
  File "C:\Users\tahir\OneDrive\Desktop\TechGiants-main\venv\lib\site-packages\django\template\base.py", line 1005, in render
    return SafeString("".join([node.render_annotated(context) for node in self]))
  File "C:\Users\tahir\OneDrive\Desktop\TechGiants-main\venv\lib\site-packages\django\template\base.py", line 1005, in <listcomp>
    return SafeString("".join([node.render_annotated(context) for node in self]))
  File "C:\Users\tahir\OneDrive\Desktop\TechGiants-main\venv\lib\site-packages\django\template\base.py", line 966, in render_annotated
    return self.render(context)
  File "C:\Users\tahir\OneDrive\Desktop\TechGiants-main\venv\lib\site-packages\django\template\loader_tags.py", line 197, in render
    template = context.template.engine.select_template(template_name)
  File "C:\Users\tahir\OneDrive\Desktop\TechGiants-main\venv\lib\site-packages\django\template\engine.py", line 206, in select_template
    return self.get_template(template_name)
  File "C:\Users\tahir\OneDrive\Desktop\TechGiants-main\venv\lib\site-packages\django\template\engine.py", line 175, in get_template
    template, origin = self.find_template(template_name)
  File "C:\Users\tahir\OneDrive\Desktop\TechGiants-main\venv\lib\site-packages\django\template\engine.py", line 157, in find_template
    template = loader.get_template(name, skip=skip)
  File "C:\Users\tahir\OneDrive\Desktop\TechGiants-main\venv\lib\site-packages\django\template\loaders\base.py", line 28, in get_template
    return Template(
  File "C:\Users\tahir\OneDrive\Desktop\TechGiants-main\venv\lib\site-packages\django\template\base.py", line 154, in __init__
    self.nodelist = self.compile_nodelist()
  File "C:\Users\tahir\OneDrive\Desktop\TechGiants-main\venv\lib\site-packages\django\template\base.py", line 200, in compile_nodelist
    return parser.parse()
  File "C:\Users\tahir\OneDrive\Desktop\TechGiants-main\venv\lib\site-packages\django\template\base.py", line 507, in parse
    self.invalid_block_tag(token, command, parse_until)
  File "C:\Users\tahir\OneDrive\Desktop\TechGiants-main\venv\lib\site-packages\django\template\base.py", line 568, in invalid_block_tag
    raise self.error(
django.template.exceptions.TemplateSyntaxError: Invalid block tag on line 424: 'endif'. Did you forget to register or load this tag?
"GET / HTTP/1.1" 500 145
Internal Server Error: /
Traceback (most recent call last):
  File "C:\Users\tahir\OneDrive\Desktop\TechGiants-main\venv\lib\site-packages\django\template\base.py", line 505, in parse
    compile_func = self.tags[command]
KeyError: 'static'

During handling of the above exception, another exception occurred:

Traceback (most recent call last):
  File "C:\Users\tahir\OneDrive\Desktop\TechGiants-main\venv\lib\site-packages\django\core\handlers\exception.py", line 55, in inner
    response = get_response(request)
  File "C:\Users\tahir\OneDrive\Desktop\TechGiants-main\venv\lib\site-packages\django\core\handlers\base.py", line 220, in _get_response
    response = response.render()
  File "C:\Users\tahir\OneDrive\Desktop\TechGiants-main\venv\lib\site-packages\django\template\response.py", line 114, in render
    self.content = self.rendered_content
  File "C:\Users\tahir\OneDrive\Desktop\TechGiants-main\venv\lib\site-packages\django\template\response.py", line 92, in rendered_content
    return template.render(context, self._request)
  File "C:\Users\tahir\OneDrive\Desktop\TechGiants-main\venv\lib\site-packages\django\template\backends\django.py", line 61, in render
    return self.template.render(context)
  File "C:\Users\tahir\OneDrive\Desktop\TechGiants-main\venv\lib\site-packages\django\template\base.py", line 175, in render
    return self._render(context)
  File "C:\Users\tahir\OneDrive\Desktop\TechGiants-main\venv\lib\site-packages\django\template\base.py", line 167, in _render
    return self.nodelist.render(context)
  File "C:\Users\tahir\OneDrive\Desktop\TechGiants-main\venv\lib\site-packages\django\template\base.py", line 1005, in render
    return SafeString("".join([node.render_annotated(context) for node in self]))
  File "C:\Users\tahir\OneDrive\Desktop\TechGiants-main\venv\lib\site-packages\django\template\base.py", line 1005, in <listcomp>
    return SafeString("".join([node.render_annotated(context) for node in self]))
  File "C:\Users\tahir\OneDrive\Desktop\TechGiants-main\venv\lib\site-packages\django\template\base.py", line 966, in render_annotated
    return self.render(context)
  File "C:\Users\tahir\OneDrive\Desktop\TechGiants-main\venv\lib\site-packages\django\template\loader_tags.py", line 157, in render
    return compiled_parent._render(context)
  File "C:\Users\tahir\OneDrive\Desktop\TechGiants-main\venv\lib\site-packages\django\template\base.py", line 167, in _render
    return self.nodelist.render(context)
  File "C:\Users\tahir\OneDrive\Desktop\TechGiants-main\venv\lib\site-packages\django\template\base.py", line 1005, in render
    return SafeString("".join([node.render_annotated(context) for node in self]))
  File "C:\Users\tahir\OneDrive\Desktop\TechGiants-main\venv\lib\site-packages\django\template\base.py", line 1005, in <listcomp>
    return SafeString("".join([node.render_annotated(context) for node in self]))
  File "C:\Users\tahir\OneDrive\Desktop\TechGiants-main\venv\lib\site-packages\django\template\base.py", line 966, in render_annotated
    return self.render(context)
  File "C:\Users\tahir\OneDrive\Desktop\TechGiants-main\venv\lib\site-packages\django\template\loader_tags.py", line 197, in render
    template = context.template.engine.select_template(template_name)
  File "C:\Users\tahir\OneDrive\Desktop\TechGiants-main\venv\lib\site-packages\django\template\engine.py", line 206, in select_template
    return self.get_template(template_name)
  File "C:\Users\tahir\OneDrive\Desktop\TechGiants-main\venv\lib\site-packages\django\template\engine.py", line 175, in get_template
    template, origin = self.find_template(template_name)
  File "C:\Users\tahir\OneDrive\Desktop\TechGiants-main\venv\lib\site-packages\django\template\engine.py", line 157, in find_template
    template = loader.get_template(name, skip=skip)
  File "C:\Users\tahir\OneDrive\Desktop\TechGiants-main\venv\lib\site-packages\django\template\loaders\base.py", line 28, in get_template
    return Template(
  File "C:\Users\tahir\OneDrive\Desktop\TechGiants-main\venv\lib\site-packages\django\template\base.py", line 154, in __init__
    self.nodelist = self.compile_nodelist()
  File "C:\Users\tahir\OneDrive\Desktop\TechGiants-main\venv\lib\site-packages\django\template\base.py", line 200, in compile_nodelist
    return parser.parse()
  File "C:\Users\tahir\OneDrive\Desktop\TechGiants-main\venv\lib\site-packages\django\template\base.py", line 513, in parse
    raise self.error(token, e)
  File "C:\Users\tahir\OneDrive\Desktop\TechGiants-main\venv\lib\site-packages\django\template\base.py", line 511, in parse
    compiled_result = compile_func(self, token)
  File "C:\Users\tahir\OneDrive\Desktop\TechGiants-main\venv\lib\site-packages\django\template\defaulttags.py", line 967, in do_if
    nodelist = parser.parse(("endif",))
  File "C:\Users\tahir\OneDrive\Desktop\TechGiants-main\venv\lib\site-packages\django\template\base.py", line 507, in parse
    self.invalid_block_tag(token, command, parse_until)
  File "C:\Users\tahir\OneDrive\Desktop\TechGiants-main\venv\lib\site-packages\django\template\base.py", line 558, in invalid_block_tag
    raise self.error(
django.template.exceptions.TemplateSyntaxError: Invalid block tag on line 455: 'static', expected 'endif'. Did you forget to register or load this tag?
"GET / HTTP/1.1" 500 145
Internal Server Error: /
Traceback (most recent call last):
  File "C:\Users\tahir\OneDrive\Desktop\TechGiants-main\venv\lib\site-packages\django\template\base.py", line 505, in parse
    compile_func = self.tags[command]
KeyError: 'static'

During handling of the above exception, another exception occurred:

Traceback (most recent call last):
  File "C:\Users\tahir\OneDrive\Desktop\TechGiants-main\venv\lib\site-packages\django\core\handlers\exception.py", line 55, in inner
    response = get_response(request)
  File "C:\Users\tahir\OneDrive\Desktop\TechGiants-main\venv\lib\site-packages\django\core\handlers\base.py", line 220, in _get_response
    response = response.render()
  File "C:\Users\tahir\OneDrive\Desktop\TechGiants-main\venv\lib\site-packages\django\template\response.py", line 114, in render
    self.content = self.rendered_content
  File "C:\Users\tahir\OneDrive\Desktop\TechGiants-main\venv\lib\site-packages\django\template\response.py", line 92, in rendered_content
    return template.render(context, self._request)
  File "C:\Users\tahir\OneDrive\Desktop\TechGiants-main\venv\lib\site-packages\django\template\backends\django.py", line 61, in render
    return self.template.render(context)
  File "C:\Users\tahir\OneDrive\Desktop\TechGiants-main\venv\lib\site-packages\django\template\base.py", line 175, in render
    return self._render(context)
  File "C:\Users\tahir\OneDrive\Desktop\TechGiants-main\venv\lib\site-packages\django\template\base.py", line 167, in _render
    return self.nodelist.render(context)
  File "C:\Users\tahir\OneDrive\Desktop\TechGiants-main\venv\lib\site-packages\django\template\base.py", line 1005, in render
    return SafeString("".join([node.render_annotated(context) for node in self]))
  File "C:\Users\tahir\OneDrive\Desktop\TechGiants-main\venv\lib\site-packages\django\template\base.py", line 1005, in <listcomp>
    return SafeString("".join([node.render_annotated(context) for node in self]))
  File "C:\Users\tahir\OneDrive\Desktop\TechGiants-main\venv\lib\site-packages\django\template\base.py", line 966, in render_annotated
    return self.render(context)
  File "C:\Users\tahir\OneDrive\Desktop\TechGiants-main\venv\lib\site-packages\django\template\loader_tags.py", line 157, in render
    return compiled_parent._render(context)
  File "C:\Users\tahir\OneDrive\Desktop\TechGiants-main\venv\lib\site-packages\django\template\base.py", line 167, in _render
    return self.nodelist.render(context)
  File "C:\Users\tahir\OneDrive\Desktop\TechGiants-main\venv\lib\site-packages\django\template\base.py", line 1005, in render
    return SafeString("".join([node.render_annotated(context) for node in self]))
  File "C:\Users\tahir\OneDrive\Desktop\TechGiants-main\venv\lib\site-packages\django\template\base.py", line 1005, in <listcomp>
    return SafeString("".join([node.render_annotated(context) for node in self]))
  File "C:\Users\tahir\OneDrive\Desktop\TechGiants-main\venv\lib\site-packages\django\template\base.py", line 966, in render_annotated
    return self.render(context)
  File "C:\Users\tahir\OneDrive\Desktop\TechGiants-main\venv\lib\site-packages\django\template\loader_tags.py", line 197, in render
    template = context.template.engine.select_template(template_name)
  File "C:\Users\tahir\OneDrive\Desktop\TechGiants-main\venv\lib\site-packages\django\template\engine.py", line 206, in select_template
    return self.get_template(template_name)
  File "C:\Users\tahir\OneDrive\Desktop\TechGiants-main\venv\lib\site-packages\django\template\engine.py", line 175, in get_template
    template, origin = self.find_template(template_name)
  File "C:\Users\tahir\OneDrive\Desktop\TechGiants-main\venv\lib\site-packages\django\template\engine.py", line 157, in find_template
    template = loader.get_template(name, skip=skip)
  File "C:\Users\tahir\OneDrive\Desktop\TechGiants-main\venv\lib\site-packages\django\template\loaders\base.py", line 28, in get_template
    return Template(
  File "C:\Users\tahir\OneDrive\Desktop\TechGiants-main\venv\lib\site-packages\django\template\base.py", line 154, in __init__
    self.nodelist = self.compile_nodelist()
  File "C:\Users\tahir\OneDrive\Desktop\TechGiants-main\venv\lib\site-packages\django\template\base.py", line 200, in compile_nodelist
    return parser.parse()
  File "C:\Users\tahir\OneDrive\Desktop\TechGiants-main\venv\lib\site-packages\django\template\base.py", line 513, in parse
    raise self.error(token, e)
  File "C:\Users\tahir\OneDrive\Desktop\TechGiants-main\venv\lib\site-packages\django\template\base.py", line 511, in parse
    compiled_result = compile_func(self, token)
  File "C:\Users\tahir\OneDrive\Desktop\TechGiants-main\venv\lib\site-packages\django\template\defaulttags.py", line 967, in do_if
    nodelist = parser.parse(("endif",))
  File "C:\Users\tahir\OneDrive\Desktop\TechGiants-main\venv\lib\site-packages\django\template\base.py", line 507, in parse
    self.invalid_block_tag(token, command, parse_until)
  File "C:\Users\tahir\OneDrive\Desktop\TechGiants-main\venv\lib\site-packages\django\template\base.py", line 558, in invalid_block_tag
    raise self.error(
django.template.exceptions.TemplateSyntaxError: Invalid block tag on line 455: 'static', expected 'endif'. Did you forget to register or load this tag?
"GET / HTTP/1.1" 500 145
Internal Server Error: /
Traceback (most recent call last):
  File "C:\Users\tahir\OneDrive\Desktop\TechGiants-main\venv\lib\site-packages\django\template\base.py", line 505, in parse
    compile_func = self.tags[command]
KeyError: 'endif'

During handling of the above exception, another exception occurred:

Traceback (most recent call last):
  File "C:\Users\tahir\OneDrive\Desktop\TechGiants-main\venv\lib\site-packages\django\core\handlers\exception.py", line 55, in inner
    response = get_response(request)
  File "C:\Users\tahir\OneDrive\Desktop\TechGiants-main\venv\lib\site-packages\django\core\handlers\base.py", line 220, in _get_response
    response = response.render()
  File "C:\Users\tahir\OneDrive\Desktop\TechGiants-main\venv\lib\site-packages\django\template\response.py", line 114, in render
    self.content = self.rendered_content
  File "C:\Users\tahir\OneDrive\Desktop\TechGiants-main\venv\lib\site-packages\django\template\response.py", line 92, in rendered_content
    return template.render(context, self._request)
  File "C:\Users\tahir\OneDrive\Desktop\TechGiants-main\venv\lib\site-packages\django\template\backends\django.py", line 61, in render
    return self.template.render(context)
  File "C:\Users\tahir\OneDrive\Desktop\TechGiants-main\venv\lib\site-packages\django\template\base.py", line 175, in render
    return self._render(context)
  File "C:\Users\tahir\OneDrive\Desktop\TechGiants-main\venv\lib\site-packages\django\template\base.py", line 167, in _render
    return self.nodelist.render(context)
  File "C:\Users\tahir\OneDrive\Desktop\TechGiants-main\venv\lib\site-packages\django\template\base.py", line 1005, in render
    return SafeString("".join([node.render_annotated(context) for node in self]))
  File "C:\Users\tahir\OneDrive\Desktop\TechGiants-main\venv\lib\site-packages\django\template\base.py", line 1005, in <listcomp>
    return SafeString("".join([node.render_annotated(context) for node in self]))
  File "C:\Users\tahir\OneDrive\Desktop\TechGiants-main\venv\lib\site-packages\django\template\base.py", line 966, in render_annotated
    return self.render(context)
  File "C:\Users\tahir\OneDrive\Desktop\TechGiants-main\venv\lib\site-packages\django\template\loader_tags.py", line 157, in render
    return compiled_parent._render(context)
  File "C:\Users\tahir\OneDrive\Desktop\TechGiants-main\venv\lib\site-packages\django\template\base.py", line 167, in _render
    return self.nodelist.render(context)
  File "C:\Users\tahir\OneDrive\Desktop\TechGiants-main\venv\lib\site-packages\django\template\base.py", line 1005, in render
    return SafeString("".join([node.render_annotated(context) for node in self]))
  File "C:\Users\tahir\OneDrive\Desktop\TechGiants-main\venv\lib\site-packages\django\template\base.py", line 1005, in <listcomp>
    return SafeString("".join([node.render_annotated(context) for node in self]))
  File "C:\Users\tahir\OneDrive\Desktop\TechGiants-main\venv\lib\site-packages\django\template\base.py", line 966, in render_annotated
    return self.render(context)
  File "C:\Users\tahir\OneDrive\Desktop\TechGiants-main\venv\lib\site-packages\django\template\loader_tags.py", line 197, in render
    template = context.template.engine.select_template(template_name)
  File "C:\Users\tahir\OneDrive\Desktop\TechGiants-main\venv\lib\site-packages\django\template\engine.py", line 206, in select_template
    return self.get_template(template_name)
  File "C:\Users\tahir\OneDrive\Desktop\TechGiants-main\venv\lib\site-packages\django\template\engine.py", line 175, in get_template
    template, origin = self.find_template(template_name)
  File "C:\Users\tahir\OneDrive\Desktop\TechGiants-main\venv\lib\site-packages\django\template\engine.py", line 157, in find_template
    template = loader.get_template(name, skip=skip)
  File "C:\Users\tahir\OneDrive\Desktop\TechGiants-main\venv\lib\site-packages\django\template\loaders\base.py", line 28, in get_template
    return Template(
  File "C:\Users\tahir\OneDrive\Desktop\TechGiants-main\venv\lib\site-packages\django\template\base.py", line 154, in __init__
    self.nodelist = self.compile_nodelist()
  File "C:\Users\tahir\OneDrive\Desktop\TechGiants-main\venv\lib\site-packages\django\template\base.py", line 200, in compile_nodelist
    return parser.parse()
  File "C:\Users\tahir\OneDrive\Desktop\TechGiants-main\venv\lib\site-packages\django\template\base.py", line 507, in parse
    self.invalid_block_tag(token, command, parse_until)
  File "C:\Users\tahir\OneDrive\Desktop\TechGiants-main\venv\lib\site-packages\django\template\base.py", line 568, in invalid_block_tag
    raise self.error(
django.template.exceptions.TemplateSyntaxError: Invalid block tag on line 424: 'endif'. Did you forget to register or load this tag?
"GET / HTTP/1.1" 500 145
Internal Server Error: /accounts/login/
Traceback (most recent call last):
  File "C:\Users\tahir\OneDrive\Desktop\TechGiants-main\venv\lib\site-packages\django\template\base.py", line 505, in parse
    compile_func = self.tags[command]
KeyError: 'endif'

During handling of the above exception, another exception occurred:

Traceback (most recent call last):
  File "C:\Users\tahir\OneDrive\Desktop\TechGiants-main\venv\lib\site-packages\django\core\handlers\exception.py", line 55, in inner
    response = get_response(request)
  File "C:\Users\tahir\OneDrive\Desktop\TechGiants-main\venv\lib\site-packages\django\core\handlers\base.py", line 220, in _get_response
    response = response.render()
  File "C:\Users\tahir\OneDrive\Desktop\TechGiants-main\venv\lib\site-packages\django\template\response.py", line 114, in render
    self.content = self.rendered_content
  File "C:\Users\tahir\OneDrive\Desktop\TechGiants-main\venv\lib\site-packages\django\template\response.py", line 90, in rendered_content
    template = self.resolve_template(self.template_name)
  File "C:\Users\tahir\OneDrive\Desktop\TechGiants-main\venv\lib\site-packages\django\template\response.py", line 72, in resolve_template
    return select_template(template, using=self.using)
  File "C:\Users\tahir\OneDrive\Desktop\TechGiants-main\venv\lib\site-packages\django\template\loader.py", line 42, in select_template
    return engine.get_template(template_name)
  File "C:\Users\tahir\OneDrive\Desktop\TechGiants-main\venv\lib\site-packages\django\template\backends\django.py", line 33, in get_template
    return Template(self.engine.get_template(template_name), self)
  File "C:\Users\tahir\OneDrive\Desktop\TechGiants-main\venv\lib\site-packages\django\template\engine.py", line 175, in get_template
    template, origin = self.find_template(template_name)
  File "C:\Users\tahir\OneDrive\Desktop\TechGiants-main\venv\lib\site-packages\django\template\engine.py", line 157, in find_template
    template = loader.get_template(name, skip=skip)
  File "C:\Users\tahir\OneDrive\Desktop\TechGiants-main\venv\lib\site-packages\django\template\loaders\base.py", line 28, in get_template
    return Template(
  File "C:\Users\tahir\OneDrive\Desktop\TechGiants-main\venv\lib\site-packages\django\template\base.py", line 154, in __init__
    self.nodelist = self.compile_nodelist()
  File "C:\Users\tahir\OneDrive\Desktop\TechGiants-main\venv\lib\site-packages\django\template\base.py", line 200, in compile_nodelist
    return parser.parse()
  File "C:\Users\tahir\OneDrive\Desktop\TechGiants-main\venv\lib\site-packages\django\template\base.py", line 513, in parse
    raise self.error(token, e)
  File "C:\Users\tahir\OneDrive\Desktop\TechGiants-main\venv\lib\site-packages\django\template\base.py", line 511, in parse
    compiled_result = compile_func(self, token)
  File "C:\Users\tahir\OneDrive\Desktop\TechGiants-main\venv\lib\site-packages\django\template\loader_tags.py", line 293, in do_extends
    nodelist = parser.parse()
  File "C:\Users\tahir\OneDrive\Desktop\TechGiants-main\venv\lib\site-packages\django\template\base.py", line 513, in parse
    raise self.error(token, e)
  File "C:\Users\tahir\OneDrive\Desktop\TechGiants-main\venv\lib\site-packages\django\template\base.py", line 511, in parse
    compiled_result = compile_func(self, token)
  File "C:\Users\tahir\OneDrive\Desktop\TechGiants-main\venv\lib\site-packages\django\template\loader_tags.py", line 232, in do_block
    nodelist = parser.parse(("endblock",))
  File "C:\Users\tahir\OneDrive\Desktop\TechGiants-main\venv\lib\site-packages\django\template\base.py", line 507, in parse
    self.invalid_block_tag(token, command, parse_until)
  File "C:\Users\tahir\OneDrive\Desktop\TechGiants-main\venv\lib\site-packages\django\template\base.py", line 558, in invalid_block_tag
    raise self.error(
django.template.exceptions.TemplateSyntaxError: Invalid block tag on line 29: 'endif', expected 'endblock'. Did you forget to register or load this tag?
"GET /accounts/login/ HTTP/1.1" 500 145
Internal Server Error: /accounts/logout/
Traceback (most recent call last):
  File "C:\Users\tahir\OneDrive\Desktop\TechGiants-main\venv\lib\site-packages\django\template\base.py", line 505, in parse
    compile_func = self.tags[command]
KeyError: 'endblock'

During handling of the above exception, another exception occurred:

Traceback (most recent call last):
  File "C:\Users\tahir\OneDrive\Desktop\TechGiants-main\venv\lib\site-packages\django\core\handlers\exception.py", line 55, in inner
    response = get_response(request)
  File "C:\Users\tahir\OneDrive\Desktop\TechGiants-main\venv\lib\site-packages\django\core\handlers\base.py", line 220, in _get_response
    response = response.render()
  File "C:\Users\tahir\OneDrive\Desktop\TechGiants-main\venv\lib\site-packages\django\template\response.py", line 114, in render
    self.content = self.rendered_content
  File "C:\Users\tahir\OneDrive\Desktop\TechGiants-main\venv\lib\site-packages\django\template\response.py", line 90, in rendered_content
    template = self.resolve_template(self.template_name)
  File "C:\Users\tahir\OneDrive\Desktop\TechGiants-main\venv\lib\site-packages\django\template\response.py", line 72, in resolve_template
    return select_template(template, using=self.using)
  File "C:\Users\tahir\OneDrive\Desktop\TechGiants-main\venv\lib\site-packages\django\template\loader.py", line 42, in select_template
    return engine.get_template(template_name)
  File "C:\Users\tahir\OneDrive\Desktop\TechGiants-main\venv\lib\site-packages\django\template\backends\django.py", line 33, in get_template
    return Template(self.engine.get_template(template_name), self)
  File "C:\Users\tahir\OneDrive\Desktop\TechGiants-main\venv\lib\site-packages\django\template\engine.py", line 175, in get_template
    template, origin = self.find_template(template_name)
  File "C:\Users\tahir\OneDrive\Desktop\TechGiants-main\venv\lib\site-packages\django\template\engine.py", line 157, in find_template
    template = loader.get_template(name, skip=skip)
  File "C:\Users\tahir\OneDrive\Desktop\TechGiants-main\venv\lib\site-packages\django\template\loaders\base.py", line 28, in get_template
    return Template(
  File "C:\Users\tahir\OneDrive\Desktop\TechGiants-main\venv\lib\site-packages\django\template\base.py", line 154, in __init__
    self.nodelist = self.compile_nodelist()
  File "C:\Users\tahir\OneDrive\Desktop\TechGiants-main\venv\lib\site-packages\django\template\base.py", line 200, in compile_nodelist
    return parser.parse()
  File "C:\Users\tahir\OneDrive\Desktop\TechGiants-main\venv\lib\site-packages\django\template\base.py", line 513, in parse
    raise self.error(token, e)
  File "C:\Users\tahir\OneDrive\Desktop\TechGiants-main\venv\lib\site-packages\django\template\base.py", line 511, in parse
    compiled_result = compile_func(self, token)
  File "C:\Users\tahir\OneDrive\Desktop\TechGiants-main\venv\lib\site-packages\django\template\loader_tags.py", line 293, in do_extends
    nodelist = parser.parse()
  File "C:\Users\tahir\OneDrive\Desktop\TechGiants-main\venv\lib\site-packages\django\template\base.py", line 507, in parse
    self.invalid_block_tag(token, command, parse_until)
  File "C:\Users\tahir\OneDrive\Desktop\TechGiants-main\venv\lib\site-packages\django\template\base.py", line 568, in invalid_block_tag
    raise self.error(
django.template.exceptions.TemplateSyntaxError: Invalid block tag on line 37: 'endblock'. Did you forget to register or load this tag?
"GET /accounts/logout/ HTTP/1.1" 500 145
